archlinux-logout-git
archlinux-tweak-tool-git
arcolinux-desktop-trasher-git
arcolinux-pamac-all
arcolinux-reflector-simple-git
arcolinux-teamviewer
arcolinux-tellme-git
arcolinux-arc-aqua-git
arcolinux-arc-archlinux-blue-git
arcolinux-arc-arcolinux-blue-git
arcolinux-arc-azul-git
arcolinux-arc-azure-dodger-blue-git
arcolinux-arc-blood-git
arcolinux-arc-blue-sky-git
arcolinux-arc-blueberry-git
arcolinux-arc-botticelli-git
arcolinux-arc-bright-lilac-git
arcolinux-arc-bright-lime-green-git
arcolinux-arc-carnation-git
arcolinux-arc-carolina-blue-git
arcolinux-arc-casablanca-git
arcolinux-arc-cornflower-blue-git
arcolinux-arc-crimson-git
arcolinux-arc-darkish-git
arcolinux-arc-dawn-git
arcolinux-arc-emerald-git
arcolinux-arc-evopop-git
arcolinux-arc-fern-git
arcolinux-arc-fire-git
arcolinux-arc-froly-git
arcolinux-arc-grape-git
arcolinux-arc-havelock-git
arcolinux-arc-hibiscus-git
arcolinux-arc-light-blue-grey-git
arcolinux-arc-light-blue-surfn-git
arcolinux-arc-light-salmon-git
arcolinux-arc-mandy-git
arcolinux-arc-mantis-git
arcolinux-arc-medium-blue-git
arcolinux-arc-niagara-git
arcolinux-arc-nice-blue-git
arcolinux-arc-numix-git
arcolinux-arc-orchid-git
arcolinux-arc-pale-grey-git
arcolinux-arc-paper-git
arcolinux-arc-pink-git
arcolinux-arc-polo-git
arcolinux-arc-punch-git
arcolinux-arc-purpley-git
arcolinux-arc-red-orange-git
arcolinux-arc-red-violet-git
arcolinux-arc-rusty-orange-git
arcolinux-arc-sky-blue-git
arcolinux-arc-slate-grey-git
arcolinux-arc-smoke-git
arcolinux-arc-soft-blue-git
arcolinux-arc-tacao-git
arcolinux-arc-tangerine-git
arcolinux-arc-tory-git
arcolinux-arc-twilight-git
arcolinux-arc-warm-pink-git
a-candy-beauty-icon-theme-git
archlinux-login-backgrounds-git
arcolinux-arc-kde
arcolinux-mint-y-icons-git
arcolinux-plank-git
arcolinux-plank-themes-git
arcolinux-sddm-futuristic-git
arcolinux-sddm-materia-git
arcolinux-sddm-simplicity-git
arcolinux-sddm-slice-git
arcolinux-sddm-sugar-candy-git
arcolinux-sddm-urbanlifestyle-git
arcolinux-wallpapers-candy-git
arcolinux-wallpapers-dual-git
arcolinux-wallpapers-git
arcolinux-meta-arc-theme
arcolinux-meta-asian-fonts
arcolinux-meta-fun
arcolinux-meta-log
arcolinux-meta-samba
arcolinux-meta-sddm-themes
arcolinux-meta-steam-amd
arcolinux-meta-steam-intel
arcolinux-meta-steam-nvidia
arcolinux-meta-utilities
arcolinux-meta-wine
acpilight
airdroid-nativefier
albert
alsi
android-file-transfer
android-sdk-platform-tools
android-tools
appimagelauncher
archey3
aura-bin
auto-cpufreq
bauh
betterlockscreen
betterlockscreen-git
bleachbit
blender-benchmark
bottom
brightnessctl
brillo
btop
btrbk
caffeine-ng
catfish
ckb-next-git
cpu-x
cpufetch-git
cpuid
debtap
deja-dup
dmidecode
downgrade
droidcam
duf
edid-decode-git
fancontrol-gui-git
fastfetch
fastfetch-git
find-the-command-git
fingerprint-gui
flatpak
flavours
galculator
gammy
geekbench
glances
gnome-disk-utility
gnome-software
gnome-software-packagekit-plugin
google-earth-pro
gotop-bin
gputest
grsync
grub-customizer
gsmartcontrol
gtop
gufw
gummy
hardcode-fixer-git
hardinfo-gtk3
hddtemp
htop
hw-probe
ifuse
inxi
kbackup
konsave
light
linux-wifi-hotspot
lm_sensors
lshw
neofetch
nvtop
nvtop-git
octopi
octopi-notifier-qt5
ookla-speedtest-bin
pacback
pace
pace-git
pacseek-bin
pacui
pacui-git
parcellite
paru
paru-bin
paru-git
pfetch
phoronix-test-suite
pikaur-git
piper
power-profiles-daemon
powerpill
powertop
putty
qtscrcpy
rate-mirrors
rate-mirrors-bin
redshift
s-tui
scrcpy
screenfetch
shairport-sync
simple-scan
skippy-xd-git
slimbookbattery
slurm
snapd
solaar
speedtest-cli-git
stacer
stacer-bin
synapse
sysprof
system76-power
systemd-manager-git
tlp
topgrade
topgrade-bin
topgrade-git
trizen
tuxboot
tuxboot-git
ufetch-git
ulauncher
upower
vnstat
wacom-settings-git
waydroid
wireshark-qt
workrave
wttr
yay
yay-bin
yay-git
yin-yang-git
btrfs-assistant
btrfsmaintenance
grub-btrfs
snap-pac
snapper
snapper-support
snapper-tools
timeshift
timeshift-autosnap
adobe-source-code-pro-fonts
adobe-source-sans-fonts
adobe-source-serif-fonts
awesome-terminal-fonts
libertinus-font
lohit-fonts
nerd-fonts-source-code-pro
noto-fonts
noto-fonts-emoji
ttf-anonymous-pro
ttf-bitstream-vera
ttf-caladea
ttf-carlito
ttf-cascadia-code
ttf-cormorant
ttf-croscore
ttf-dejavu
ttf-droid
ttf-eurof
ttf-fantasque-sans-mono
ttf-fira-code
ttf-fira-mono
ttf-fira-sans
ttf-font-awesome
ttf-hack
ttf-hactor
ttf-hellvetica
ttf-ibm-plex
ttf-inconsolata
ttf-iosevka-nerd
ttf-jetbrains-mono
ttf-jetbrains-mono-nerd
ttf-joypixels
ttf-lato
ttf-liberation
ttf-linux-libertine
ttf-linux-libertine-g
ttf-meslo-nerd-font-powerlevel10k
ttf-mac-fonts
ttf-monofur
ttf-ms-fonts
ttf-nerd-fonts-symbols
ttf-nerd-fonts-symbols-mono
ttf-opensans
ttf-proggy-clean
ttf-roboto
ttf-roboto-mono
ttf-ubuntu-font-family
brave-bin
chrome-gnome-shell
chromium
chromium-widevine
falkon
firefox
firefox-adblock-plus
firefox-ublock-origin
google-chrome
icecat
librewolf-bin
midori
min
netsurf
opera
qutebrowser
torbrowser-launcher
vivaldi
vivaldi-ffmpeg-codecs
vivaldi-widevine
aria2
deluge
filezilla
fragments
freedownloadmanager
gdown
jdownloader2
ktorrent
persepolis
qbittorrent
transmission-gtk
xdman
dropbox
insync
megasync-bin
nextcloud-client
evolution
geary
mailspring
thunderbird
mullvad-vpn-bin
nordtray-bin
nordpass-bin
nordvpn-bin
alacritty
alacritty-themes
base16-alacritty-git
gnome-terminal
gnome-terminal-transparency
guake
kitty
konsole
lxterminal
nautilus-open-any-terminal
oh-my-zsh-powerline-theme-git
prot16-xfce4-terminal
ripgrep
ripgrep-all
rxvt-unicode
sakura
tabby-bin
tempus-themes-xfce4-terminal-git
terminator
termite
the_platinum_searcher-bin
the_silver_searcher
tilda
tilix
tmux
urxvt-fullscreen
urxvt-perls
urxvt-resize-font-git
xfce4-terminal
xfce4-terminal-base16-colors-git
asciiquarium
bash-pipes
boxes
bpytop
cava
c-lolcat
cool-retro-term
cowfortune
cmatrix-git
cpufetch-git
curseradio-git
cxxmatrix-git
figlet
gotop-bin
inetutils
lolcat
mc
nixieclock
pipes.sh
pfetch
python-pywal
ranger
sl
slurm
sparklines-git
toilet
tty-clock
tty-clock-git
ufetch-git
ufetch-arco-git
unimatrix-git
wttr
zsh
zsh-autosuggestions-git
zsh-completions
zsh-fast-syntax-highlighting
zsh-history-substring-search-git
zsh-syntax-highlighting
zsh-syntax-highlighting-git
zsh-theme-powerlevel10k-git
arcolinux-zsh-git
oh-my-zsh-git
oh-my-zsh-powerline-theme-git
caja
dolphin
doublecmd-qt5
joshuto
lf
nnn
mc
nautilus
nemo
nemo-fileroller
pcmanfm
ranger
thunar
thunar-extended
thunar-archive-plugin
thunar-volman
thunar-shares-plugin
adapta-gtk-theme
arc-darkest-theme-git
arcolinux-arc-kde
arcolinux-sweet-mars-git
ayu-theme
breeze
dracula-gtk-theme
fluent-gtk-theme
fluent-kde-theme-git
graphite-gtk-theme-git
kripton-theme-git
layan-gtk-theme-git
layan-kde-git
materia-gtk-theme
materia-kde
nordic-kde-git
numix-gtk-theme-git
openbox-themes-pambudi-git
orchis-kde-theme-git
orchis-theme-git
plata-theme
qogir-gtk-theme-git
sweet-theme-git
sweet-gtk-theme-dark
a-candy-beauty-icon-theme-git
arc-icon-theme
arc-x-icons-theme
breeze-icons
dracula-icons-git
faba-icon-theme-git
faba-mono-icons-git
flat-remix-git
fluent-icon-theme-git
halo-icons-git
la-capitaine-icon-theme-git
luna-icon-theme-git
moka-icon-theme-git
nordzy-icon-theme-git
numix-circle-arc-icons-git
numix-circle-icon-theme-git
numix-icon-theme-git
numix-kde-theme-git
obsidian-icon-theme
oranchelo-icon-theme-git
paper-icon-theme
papirus-folders-git
papirus-folders-gui-bin
papirus-folders-nordic
papirus-icon-theme
papirus-linux-universe
papirus-nord
qogir-icon-theme
sardi-icons
sardi-colora-variations-icons-git
sardi-flat-colora-variations-icons-git
sardi-flat-mint-y-icons-git
sardi-flat-mixing-icons-git
sardi-flexible-colora-variations-icons-git
sardi-flexible-luv-colora-variations-icons-git
sardi-flexible-mint-y-icons-git
sardi-flexible-mixing-icons-git
sardi-flexible-variations-icons-git
sardi-ghost-flexible-colora-variations-icons-git
sardi-ghost-flexible-mint-y-icons-git
sardi-ghost-flexible-mixing-icons-git
sardi-ghost-flexible-variations-icons-git
sardi-mint-y-icons-git
sardi-mixing-icons-git
sardi-mono-colora-variations-icons-git
sardi-mono-mint-y-icons-git
sardi-mono-mixing-icons-git
sardi-mono-numix-colora-variations-icons-git
sardi-mono-papirus-colora-variations-icons-git
sardi-orb-colora-mint-y-icons-git
sardi-orb-colora-mixing-icons-git
sardi-orb-colora-variations-icons-git
surfn-icons-git
surfn-arc-breeze-icons-git
surfn-mint-y-icons-git
surfn-plasma-dark-icons-git
surfn-plasma-dark-tela-icons-git
surfn-plasma-light-icons-git
tela-circle-icon-theme-git
vimix-icon-theme-git
we10x-icon-theme-git
whitesur-icon-theme-git
zafiro-icon-theme
bibata-cursor-theme-bin
bibata-cursor-translucent
bibata-extra-cursor-theme
bibata-rainbow-cursor-theme
capitaine-cursors
catppuccin-cursors-git
dracula-cursors-git
layan-cursor-theme-git
oxy-neon
phinger-cursors
sweet-cursor-theme-git
vimix-cursors
xcursor-arch-cursor-complete
xcursor-breeze
xcursor-comix
xcursor-flatbed
xcursor-neutral
xcursor-premium
xcursor-simpleandsoft
kvantum
kvantum-qt5-git
kvantum-qt6-git
kvantum-theme-materia
kvantum-theme-qogir-git
picom
picom-jonaburg-git
picom-ibhagwan-git
picom-git
aisleriot
armagetronad
astromenace
chromium-bsu
extremetuxracer
freeciv
gnome-chess
gnuchess
hedgewars
kbreakout
knights
mari0
minecraft-launcher
multimc-git
neverball
sauerbraten
sauerbraten-data
supertux
supertuxkart
warsow
wesnoth
xonotic
xonotic-data
arcolinux-meta-steam-amd
arcolinux-meta-steam-intel
arcolinux-meta-steam-nvidia
gamehub-bin
gamemode
game-devices-udev
goverlay-bin
heroic-games-launcher-bin
itch
legendary
lutris
mangohud
minigalaxy
playonlinux
proton-community-updater
proton-ge-custom-bin
protontricks
protontricks-git
protonup-qt-bin
protonup-git
rare
replay-sorcery
steam-buddy
steam-tweaks
steamtinkerlaunch
vkbasalt
bumblebee
bumblebee-status
bumblebee-status-git
cuda
envycontrol
gwe
nvflash
nvidia
nvidia-dkms
nvidia-lts
nvidia-open
nvidia-open-dkms
nvidia-prime
nvidia-settings
nvidia-utils
nvidia-xrun
nvtop
optimus-manager
optimus-manager-qt
arcolinux-local-xfce4-git
arcolinux-xfce-git
discord
firefox
flameshot-git
gitahead
meld
scrot
simplescreenrecorder
sublime-text-4
telegram-desktop
the_platinum_searcher-bin
thunar
thunar-archive-plugin
thunar-volman
sddm
arcolinux-sddm-futuristic-git
arcolinux-sddm-materia-git
arcolinux-sddm-simplicity-git
arcolinux-sddm-slice-git
arcolinux-sddm-sugar-candy-git
arcolinux-sddm-urbanlifestyle-git
lightdm
lightdm-gtk-greeter
lightdm-gtk-greeter-settings
lightdm-webkit-theme-aether
lightdm-webkit2-theme-reactive
arcolinux-wallpapers-git
lightdm-slick-greeter
gdm
arcolinux-wallpapers-git
lxdm
arcolinux-wallpapers-git
ly
arcolinux-wallpapers-git
arcolinux-plank-themes-git
baobab
bitwarden
brasero
brltty
cheese
enpass-bin
espeak-ng
etcher-bin
flameshot-git
florence
font-manager
font-manager-git
galculator
gitahead
gitfiend
gitg
github-desktop-bin
gitkraken
gpick
imagewriter
keepassxc
lastpass
liferea
mcomix
mediainfo-gui
mintstick-git
mousetweaks
nitrogen
nomacs
nomacs-git
nomacs-qt6-git
onboard
orca
pdfarranger
plank
privoxy
screenkey-git
tor
tor-browser
variety
ventoy-bin
woeusb
xfburn
arcolinux-conky-collection-git
arcolinux-conky-collection-plasma-git
arcolinux-pipemenus-git
conky-lua-archers
yad
arduino
bluefish
brackets-bin
code
codeblocks
emacs
geany
geany-plugins
glade
intellij-idea-community-edition
kdevelop
kde-dev-utils
leafpad
meld
micro
netbeans
notepadqq
openscad
pulsar-bin
pycharm-community-edition
qt5-tools
qtcreator
sublime-text-4
vim
vim-runtime
visual-studio-code-bin
vscodium-bin
abiword
atril
calibre
calligra
calligra-plan
evince
focuswriter
freeoffice
ghostwriter
gnumeric
hunspell
libreoffice-fresh
libreoffice-still
moneydance
ms-office-online
okular
onlyoffice-bin
openoffice-bin
pdfarranger
scribus
sigil
ttf-wps-fonts
wps-office
wps-office-mime
xpdf
xreader
blender
darktable
digikam
gimp
inkscape
krita
virtualbox
virtualbox-host-dkms
open-vm-tools
vmware-workstation
vmware-keymaps
qemu-base
qemu-full
quickemu
quickemu-git
quickgui-bin
amberol
ardour
audacious
audacious-plugins
audacity
byte
cava
clementine
curseradio-git
deadbeef
deezer
elisa
gmusicbrowser
g4music
juk
kwave
lollypop
lxmusic
lmms
ncmpcpp
olivia
pragha
radiotray
rhythmbox
sayonara-player
shortwave
soundconverter
spotify
spotifywm-git
spotify-adblock-git
tauon-music-box
celluloid
clapper
filebot
freetube-bin
guvcview
handbrake
hypnotix
juk
kazam
kdenlive
kodi-x11
kodi
kodi-addons
losslesscut-bin
obs-studio
openshot
makemkv
mkvtoolnix-gui
mpc
mpd
mpv
peek
pitivi
plex-media-player
plex-media-server
qtwebflix-git
simplescreenrecorder
simplescreenrecorder-git
smplayer
vlc
youtube-dl
youtube-dl-gui-git
yt-dlp
element-desktop
discord
discord_arch_electron
google-chat-linux-bin
hexchat
jitsi-meet-desktop-bin
mumble
neochat
pidgin
qtox
skypeforlinux-stable-bin
signal-desktop
signal-desktop-beta-bin
slack-desktop
teams
telegram-desktop
telegram-desktop-bin
tweetdeck-desktop
viber
whatsapp-nativefier
wire-desktop
zoom
anydesk-bin
arcolinux-teamviewer
krdc
nomachine
realvnc-vnc-server
realvnc-vnc-viewer
remmina
tigervnc
